<?xml version="1.0" encoding="UTF-8"?>
<testng-results skipped="0" failed="0" total="1" passed="1">
  <reporter-output>
  </reporter-output>
  <suite name="Default suite" duration-ms="3113" started-at="2019-06-09T03:52:29Z" finished-at="2019-06-09T03:52:32Z">
    <groups>
    </groups>
    <test name="Default test" duration-ms="3113" started-at="2019-06-09T03:52:29Z" finished-at="2019-06-09T03:52:32Z">
      <class name="com.basic.TestingGoogle">
        <test-method status="PASS" signature="testGoogle()[pri:0, instance:com.basic.TestingGoogle@36d64342]" name="testGoogle" duration-ms="3082" started-at="2019-06-09T09:22:29Z" finished-at="2019-06-09T09:22:32Z">
          <reporter-output>
          </reporter-output>
        </test-method> <!-- testGoogle -->
      </class> <!-- com.basic.TestingGoogle -->
    </test> <!-- Default test -->
  </suite> <!-- Default suite -->
</testng-results>
